<?xml version="1.0" encoding="UTF-8"?>
<!-- Generated by org.testng.reporters.JUnitReportReporter -->
<testsuite hostname="TYC0522054" failures="0" tests="1" name="testNG.google" time="8.957" errors="0" timestamp="2024-06-06T09:22:56 IST" skipped="0">
  <testcase classname="testNG.google" name="googlr" time="8.957"/>
</testsuite> <!-- testNG.google -->
