<?xml version="1.0" encoding="UTF-8"?>
<!-- Generated by org.testng.reporters.JUnitReportReporter -->
<testsuite hostname="TYC0522054" failures="0" tests="9" name="testNG.OrangeHRMTest" time="31.722" errors="0" timestamp="2024-07-03T10:21:09 IST" skipped="0">
  <testcase classname="testNG.OrangeHRMTest" name="qUIT" time="0.935"/>
  <testcase classname="testNG.OrangeHRMTest" name="Login" time="4.719"/>
  <testcase classname="testNG.OrangeHRMTest" name="launchApplication" time="9.959"/>
  <testcase classname="testNG.OrangeHRMTest" name="launchApplication" time="5.357"/>
  <testcase classname="testNG.OrangeHRMTest" name="Login" time="4.562"/>
  <testcase classname="testNG.OrangeHRMTest" name="qUIT" time="0.468"/>
  <testcase classname="testNG.OrangeHRMTest" name="qUIT" time="1.286"/>
  <testcase classname="testNG.OrangeHRMTest" name="verifytext" time="0.440"/>
  <testcase classname="testNG.OrangeHRMTest" name="launchApplication" time="3.996"/>
</testsuite> <!-- testNG.OrangeHRMTest -->
