<?xml version="1.0" encoding="UTF-8"?>
<!-- Generated by org.testng.reporters.JUnitReportReporter -->
<testsuite hostname="TYC0522054" failures="0" tests="2" name="testNG.test1" time="0.019" errors="0" timestamp="2024-06-06T21:51:41 IST" skipped="0">
  <testcase classname="testNG.test1" name="search" time="0.009"/>
  <testcase classname="testNG.test1" name="advsearch" time="0.010"/>
</testsuite> <!-- testNG.test1 -->
