<?xml version="1.0" encoding="UTF-8"?>
<!-- Generated by org.testng.reporters.JUnitReportReporter -->
<testsuite hostname="TYC0522054" failures="0" tests="1" name="demo.test001" time="9.268" errors="0" timestamp="2023-08-16T23:08:24 IST" skipped="0">
  <testcase classname="demo.test001" name="launch" time="9.268"/>
</testsuite> <!-- demo.test001 -->
