<?xml version="1.0" encoding="UTF-8"?>
<!-- Generated by org.testng.reporters.JUnitReportReporter -->
<testsuite hostname="TYC0522054" failures="0" tests="1" name="demo.testgoogle" time="11.559" errors="0" timestamp="2023-08-28T11:40:02 IST" skipped="0">
  <testcase classname="demo.testgoogle" name="TestGoogle" time="11.559"/>
</testsuite> <!-- demo.testgoogle -->
