<?xml version="1.0" encoding="UTF-8"?>
<!-- Generated by org.testng.reporters.JUnitReportReporter -->
<testsuite hostname="TYC0522054" failures="0" tests="1" name="seleninum.verify" time="0.028" errors="0" timestamp="2023-08-16T20:55:18 IST" skipped="0">
  <testcase classname="seleninum.verify" name="testinf" time="0.028">
    <system-out>
      <![CDATA[somthomg]]>
    </system-out>
  </testcase> <!-- testinf -->
  <system-out>
    <![CDATA[somthomg]]>
  </system-out>
</testsuite> <!-- seleninum.verify -->
